生成启动时间为 2014/9/6 15:38:43。
     1>项目“F:\github\gitConsoleDebug\gitConsoleDebug\gitConsoleDebug\gitConsoleDebug.vcxproj”在节点 2 上(build 个目标)。
     1>PrepareForBuild:
         正在创建目录“F:\github\gitConsoleDebug\gitConsoleDebug\Debug\”。
       InitializeBuildStatus:
         正在创建“Debug\gitConsoleDebug.unsuccessfulbuild”，因为已指定“AlwaysCreate”。
       ClCompile:
         D:\Program Files (x86)\Microsoft Visual Studio 10.0\VC\bin\CL.exe /c /ZI /nologo /W3 /WX- /Od /Oy- /D WIN32 /D _DEBUG /D _CONSOLE /D _UNICODE /D UNICODE /Gm /EHsc /RTC1 /MDd /GS /fp:precise /Zc:wchar_t /Zc:forScope /Yc"StdAfx.h" /Fp"Debug\gitConsoleDebug.pch" /Fo"Debug\\" /Fd"Debug\vc100.pdb" /Gd /TP /analyze- /errorReport:prompt stdafx.cpp
         stdafx.cpp
         D:\Program Files (x86)\Microsoft Visual Studio 10.0\VC\bin\CL.exe /c /ZI /nologo /W3 /WX- /Od /Oy- /D WIN32 /D _DEBUG /D _CONSOLE /D _UNICODE /D UNICODE /Gm /EHsc /RTC1 /MDd /GS /fp:precise /Zc:wchar_t /Zc:forScope /Yu"StdAfx.h" /Fp"Debug\gitConsoleDebug.pch" /Fo"Debug\\" /Fd"Debug\vc100.pdb" /Gd /TP /analyze- /errorReport:prompt gitConsoleDebug.cpp
         gitConsoleDebug.cpp
       ManifestResourceCompile:
         C:\Program Files (x86)\Microsoft SDKs\Windows\v7.0A\bin\rc.exe /nologo /fo"Debug\gitConsoleDebug.exe.embed.manifest.res" Debug\gitConsoleDebug_manifest.rc 
       Link:
         D:\Program Files (x86)\Microsoft Visual Studio 10.0\VC\bin\link.exe /ERRORREPORT:PROMPT /OUT:"F:\github\gitConsoleDebug\gitConsoleDebug\Debug\gitConsoleDebug.exe" /INCREMENTAL /NOLOGO kernel32.lib user32.lib gdi32.lib winspool.lib comdlg32.lib advapi32.lib shell32.lib ole32.lib oleaut32.lib uuid.lib odbc32.lib odbccp32.lib /MANIFEST /ManifestFile:"Debug\gitConsoleDebug.exe.intermediate.manifest" /MANIFESTUAC:"level='asInvoker' uiAccess='false'" /DEBUG /PDB:"F:\github\gitConsoleDebug\gitConsoleDebug\Debug\gitConsoleDebug.pdb" /SUBSYSTEM:CONSOLE /TLBID:1 /DYNAMICBASE /NXCOMPAT /IMPLIB:"F:\github\gitConsoleDebug\gitConsoleDebug\Debug\gitConsoleDebug.lib" /MACHINE:X86 Debug\gitConsoleDebug.exe.embed.manifest.res
         Debug\gitConsoleDebug.obj
         Debug\stdafx.obj
       Manifest:
         C:\Program Files (x86)\Microsoft SDKs\Windows\v7.0A\bin\mt.exe /nologo /verbose /out:"Debug\gitConsoleDebug.exe.embed.manifest" /manifest Debug\gitConsoleDebug.exe.intermediate.manifest
         C:\Program Files (x86)\Microsoft SDKs\Windows\v7.0A\bin\rc.exe /nologo /fo"Debug\gitConsoleDebug.exe.embed.manifest.res" Debug\gitConsoleDebug_manifest.rc 
       LinkEmbedManifest:
         D:\Program Files (x86)\Microsoft Visual Studio 10.0\VC\bin\link.exe /ERRORREPORT:PROMPT /OUT:"F:\github\gitConsoleDebug\gitConsoleDebug\Debug\gitConsoleDebug.exe" /INCREMENTAL /NOLOGO kernel32.lib user32.lib gdi32.lib winspool.lib comdlg32.lib advapi32.lib shell32.lib ole32.lib oleaut32.lib uuid.lib odbc32.lib odbccp32.lib /MANIFEST /ManifestFile:"Debug\gitConsoleDebug.exe.intermediate.manifest" /MANIFESTUAC:"level='asInvoker' uiAccess='false'" /DEBUG /PDB:"F:\github\gitConsoleDebug\gitConsoleDebug\Debug\gitConsoleDebug.pdb" /SUBSYSTEM:CONSOLE /TLBID:1 /DYNAMICBASE /NXCOMPAT /IMPLIB:"F:\github\gitConsoleDebug\gitConsoleDebug\Debug\gitConsoleDebug.lib" /MACHINE:X86 Debug\gitConsoleDebug.exe.embed.manifest.res
         Debug\gitConsoleDebug.obj
         Debug\stdafx.obj
         gitConsoleDebug.vcxproj -> F:\github\gitConsoleDebug\gitConsoleDebug\Debug\gitConsoleDebug.exe
       FinalizeBuildStatus:
         正在删除文件“Debug\gitConsoleDebug.unsuccessfulbuild”。
         正在对“Debug\gitConsoleDebug.lastbuildstate”执行 Touch 任务。
     1>已完成生成项目“F:\github\gitConsoleDebug\gitConsoleDebug\gitConsoleDebug\gitConsoleDebug.vcxproj”(build 个目标)的操作。

生成成功。

已用时间 00:00:00.85
